#
# There is insufficient memory for the Java Runtime Environment to continue.
# Native memory allocation (malloc) failed to allocate 792496 bytes for Chunk::new
# Possible reasons:
#   The system is out of physical RAM or swap space
#   In 32 bit mode, the process size limit was hit
# Possible solutions:
#   Reduce memory load on the system
#   Increase physical memory or swap space
#   Check if swap backing store is full
#   Use 64 bit Java on a 64 bit OS
#   Decrease Java heap size (-Xmx/-Xms)
#   Decrease number of Java threads
#   Decrease Java thread stack sizes (-Xss)
#   Set larger code cache with -XX:ReservedCodeCacheSize=
# This output file may be truncated or incomplete.
#
#  Out of Memory Error (allocation.cpp:390), pid=5240, tid=0x0000000000001be8
#
# JRE version: Java(TM) SE Runtime Environment (8.0_101-b13) (build 1.8.0_101-b13)
# Java VM: Java HotSpot(TM) 64-Bit Server VM (25.101-b13 mixed mode windows-amd64 compressed oops)
# Failed to write core dump. Minidumps are not enabled by default on client versions of Windows
#

---------------  T H R E A D  ---------------

Current thread (0x0000000015945800):  JavaThread "C2 CompilerThread1" daemon [_thread_in_native, id=7144, stack(0x0000000017030000,0x0000000017130000)]

Stack: [0x0000000017030000,0x0000000017130000]
[error occurred during error reporting (printing stack bounds), id 0xc0000005]

Native frames: (J=compiled Java code, j=interpreted, Vv=VM code, C=native code)


Current CompileTask:
C2:  14485 1477   !   4       com.android.dx.cf.code.BytecodeArray::parseInstruction (2764 bytes)


---------------  P R O C E S S  ---------------

Java Threads: ( => current thread )
  0x00000000174f4800 JavaThread "pool-1-thread-4" [_thread_in_vm, id=528, stack(0x0000000017c30000,0x0000000017d30000)]
  0x00000000174f3800 JavaThread "pool-1-thread-3" [_thread_blocked, id=8116, stack(0x0000000017b30000,0x0000000017c30000)]
  0x00000000174ed800 JavaThread "pool-1-thread-2" [_thread_in_Java, id=6740, stack(0x0000000017a30000,0x0000000017b30000)]
  0x00000000174e8800 JavaThread "pool-2-thread-1" [_thread_blocked, id=6352, stack(0x0000000017930000,0x0000000017a30000)]
  0x00000000174df800 JavaThread "pool-1-thread-1" [_thread_in_Java, id=6668, stack(0x0000000017830000,0x0000000017930000)]
  0x0000000017235800 JavaThread "Service Thread" daemon [_thread_blocked, id=7372, stack(0x0000000017630000,0x0000000017730000)]
  0x000000001594d800 JavaThread "C1 CompilerThread2" daemon [_thread_blocked, id=6220, stack(0x0000000017130000,0x0000000017230000)]
=>0x0000000015945800 JavaThread "C2 CompilerThread1" daemon [_thread_in_native, id=7144, stack(0x0000000017030000,0x0000000017130000)]
  0x00000000158ec000 JavaThread "C2 CompilerThread0" daemon [_thread_in_native, id=6356, stack(0x0000000016f30000,0x0000000017030000)]
  0x00000000158ea000 JavaThread "Attach Listener" daemon [_thread_blocked, id=6204, stack(0x0000000016e30000,0x0000000016f30000)]
  0x00000000158e9800 JavaThread "Signal Dispatcher" daemon [_thread_blocked, id=4156, stack(0x0000000016d30000,0x0000000016e30000)]
  0x00000000158da800 JavaThread "Finalizer" daemon [_thread_blocked, id=1568, stack(0x0000000016b40000,0x0000000016c40000)]
  0x000000000315f000 JavaThread "Reference Handler" daemon [_thread_blocked, id=4756, stack(0x0000000016a40000,0x0000000016b40000)]
  0x0000000003070800 JavaThread "main" [_thread_in_Java, id=1416, stack(0x0000000002ef0000,0x0000000002ff0000)]

Other Threads:
  0x00000000158b7800 VMThread [stack: 0x0000000016940000,0x0000000016a40000] [id=6956]
  0x0000000017241800 WatcherThread [stack: 0x0000000017730000,0x0000000017830000] [id=4356]

VM state:not at safepoint (normal execution)

VM Mutex/Monitor currently owned by a thread: None

Heap:
 PSYoungGen      total 26624K, used 15196K [0x00000000eab00000, 0x00000000edf00000, 0x0000000100000000)
  eden space 24576K, 53% used [0x00000000eab00000,0x00000000eb7d7118,0x00000000ec300000)
  from space 2048K, 100% used [0x00000000ec300000,0x00000000ec500000,0x00000000ec500000)
  to   space 2048K, 0% used [0x00000000edd00000,0x00000000edd00000,0x00000000edf00000)
 ParOldGen       total 32768K, used 5412K [0x00000000c0000000, 0x00000000c2000000, 0x00000000eab00000)
  object space 32768K, 16% used [0x00000000c0000000,0x00000000c05493a0,0x00000000c2000000)
 Metaspace       used 6112K, capacity 7088K, committed 7296K, reserved 1056768K
  class space    used 592K, capacity 616K, committed 640K, reserved 1048576K

Card table byte_map: [0x00000000125e0000,0x00000000127f0000] byte_map_base: 0x0000000011fe0000

Marking Bits: (ParMarkBitMap*) 0x000000005119a6d0
 Begin Bits: [0x0000000012d50000, 0x0000000013d50000)
 End Bits:   [0x0000000013d50000, 0x0000000014d50000)

Polling page: 0x0000000002ff0000

CodeCache: size=245760Kb used=6540Kb max_used=6552Kb free=239219Kb
 bounds [0x0000000003220000, 0x0000000003890000, 0x0000000012220000]
 total_blobs=1807 nmethods=1545 adapters=176
 compilation: enabled

Compilation events (10 events):
Event: 14.389 Thread 0x00000000158ec000 nmethod 1478 0x0000000003882dd0 code [0x00000000038830e0, 0x0000000003885b10]
Event: 14.389 Thread 0x00000000158ec000 1523       4       com.android.dx.cf.code.Ropper::getAvailableLabel (54 bytes)
Event: 14.402 Thread 0x00000000158ec000 nmethod 1523 0x000000000387f490 code [0x000000000387f600, 0x000000000387fa18]
Event: 14.402 Thread 0x00000000158ec000 1518       4       com.android.dx.ssa.SsaRenamer$BlockRenamer::processResultReg (56 bytes)
Event: 14.427 Thread 0x00000000158ec000 nmethod 1518 0x000000000388a690 code [0x000000000388a820, 0x000000000388afc8]
Event: 14.427 Thread 0x00000000158ec000 1490       4       java.lang.String::startsWith (7 bytes)
Event: 14.430 Thread 0x00000000158ec000 nmethod 1490 0x000000000387db50 code [0x000000000387dca0, 0x000000000387de18]
Event: 14.430 Thread 0x00000000158ec000 1524       4       com.android.dx.ssa.MoveParamCombiner$1::visitNonMoveInsn (213 bytes)
Event: 14.434 Thread 0x00000000158ec000 nmethod 1524 0x0000000003880f10 code [0x0000000003881060, 0x00000000038811f8]
Event: 14.434 Thread 0x00000000158ec000 1548       4       com.android.dx.ssa.back.FirstFitLocalCombiningAllocator$1::processInsn (169 bytes)

GC Heap History (6 events):
Event: 10.038 GC heap before
{Heap before GC invocations=1 (full 0):
 PSYoungGen      total 14336K, used 12288K [0x00000000eab00000, 0x00000000ebb00000, 0x0000000100000000)
  eden space 12288K, 100% used [0x00000000eab00000,0x00000000eb700000,0x00000000eb700000)
  from space 2048K, 0% used [0x00000000eb900000,0x00000000eb900000,0x00000000ebb00000)
  to   space 2048K, 0% used [0x00000000eb700000,0x00000000eb700000,0x00000000eb900000)
 ParOldGen       total 32768K, used 0K [0x00000000c0000000, 0x00000000c2000000, 0x00000000eab00000)
  object space 32768K, 0% used [0x00000000c0000000,0x00000000c0000000,0x00000000c2000000)
 Metaspace       used 4209K, capacity 5456K, committed 5760K, reserved 1056768K
  class space    used 475K, capacity 520K, committed 640K, reserved 1048576K
Event: 10.170 GC heap after
Heap after GC invocations=1 (full 0):
 PSYoungGen      total 14336K, used 1796K [0x00000000eab00000, 0x00000000ec700000, 0x0000000100000000)
  eden space 12288K, 0% used [0x00000000eab00000,0x00000000eab00000,0x00000000eb700000)
  from space 2048K, 87% used [0x00000000eb700000,0x00000000eb8c1278,0x00000000eb900000)
  to   space 2048K, 0% used [0x00000000ec500000,0x00000000ec500000,0x00000000ec700000)
 ParOldGen       total 32768K, used 0K [0x00000000c0000000, 0x00000000c2000000, 0x00000000eab00000)
  object space 32768K, 0% used [0x00000000c0000000,0x00000000c0000000,0x00000000c2000000)
 Metaspace       used 4209K, capacity 5456K, committed 5760K, reserved 1056768K
  class space    used 475K, capacity 520K, committed 640K, reserved 1048576K
}
Event: 11.961 GC heap before
{Heap before GC invocations=2 (full 0):
 PSYoungGen      total 14336K, used 14084K [0x00000000eab00000, 0x00000000ec700000, 0x0000000100000000)
  eden space 12288K, 100% used [0x00000000eab00000,0x00000000eb700000,0x00000000eb700000)
  from space 2048K, 87% used [0x00000000eb700000,0x00000000eb8c1278,0x00000000eb900000)
  to   space 2048K, 0% used [0x00000000ec500000,0x00000000ec500000,0x00000000ec700000)
 ParOldGen       total 32768K, used 0K [0x00000000c0000000, 0x00000000c2000000, 0x00000000eab00000)
  object space 32768K, 0% used [0x00000000c0000000,0x00000000c0000000,0x00000000c2000000)
 Metaspace       used 5814K, capacity 6832K, committed 7040K, reserved 1056768K
  class space    used 592K, capacity 616K, committed 640K, reserved 1048576K
Event: 12.054 GC heap after
Heap after GC invocations=2 (full 0):
 PSYoungGen      total 26624K, used 2039K [0x00000000eab00000, 0x00000000ec700000, 0x0000000100000000)
  eden space 24576K, 0% used [0x00000000eab00000,0x00000000eab00000,0x00000000ec300000)
  from space 2048K, 99% used [0x00000000ec500000,0x00000000ec6fdc80,0x00000000ec700000)
  to   space 2048K, 0% used [0x00000000ec300000,0x00000000ec300000,0x00000000ec500000)
 ParOldGen       total 32768K, used 1600K [0x00000000c0000000, 0x00000000c2000000, 0x00000000eab00000)
  object space 32768K, 4% used [0x00000000c0000000,0x00000000c0190298,0x00000000c2000000)
 Metaspace       used 5814K, capacity 6832K, committed 7040K, reserved 1056768K
  class space    used 592K, capacity 616K, committed 640K, reserved 1048576K
}
Event: 13.300 GC heap before
{Heap before GC invocations=3 (full 0):
 PSYoungGen      total 26624K, used 26615K [0x00000000eab00000, 0x00000000ec700000, 0x0000000100000000)
  eden space 24576K, 100% used [0x00000000eab00000,0x00000000ec300000,0x00000000ec300000)
  from space 2048K, 99% used [0x00000000ec500000,0x00000000ec6fdc80,0x00000000ec700000)
  to   space 2048K, 0% used [0x00000000ec300000,0x00000000ec300000,0x00000000ec500000)
 ParOldGen       total 32768K, used 1600K [0x00000000c0000000, 0x00000000c2000000, 0x00000000eab00000)
  object space 32768K, 4% used [0x00000000c0000000,0x00000000c0190298,0x00000000c2000000)
 Metaspace       used 6056K, capacity 7088K, committed 7296K, reserved 1056768K
  class space    used 592K, capacity 616K, committed 640K, reserved 1048576K
Event: 13.670 GC heap after
Heap after GC invocations=3 (full 0):
 PSYoungGen      total 26624K, used 2048K [0x00000000eab00000, 0x00000000edf00000, 0x0000000100000000)
  eden space 24576K, 0% used [0x00000000eab00000,0x00000000eab00000,0x00000000ec300000)
  from space 2048K, 100% used [0x00000000ec300000,0x00000000ec500000,0x00000000ec500000)
  to   space 2048K, 0% used [0x00000000edd00000,0x00000000edd00000,0x00000000edf00000)
 ParOldGen       total 32768K, used 5412K [0x00000000c0000000, 0x00000000c2000000, 0x00000000eab00000)
  object space 32768K, 16% used [0x00000000c0000000,0x00000000c05493a0,0x00000000c2000000)
 Metaspace       used 6056K, capacity 7088K, committed 7296K, reserved 1056768K
  class space    used 592K, capacity 616K, committed 640K, reserved 1048576K
}

Deoptimization events (10 events):
Event: 11.705 Thread 0x00000000174df800 Uncommon trap: reason=unstable_if action=reinterpret pc=0x000000000359e8ac method=java.util.HashMap.getNode(ILjava/lang/Object;)Ljava/util/HashMap$Node; @ 62
Event: 11.705 Thread 0x00000000174df800 Uncommon trap: reason=unstable_if action=reinterpret pc=0x000000000348346c method=java.util.HashMap.getNode(ILjava/lang/Object;)Ljava/util/HashMap$Node; @ 62
Event: 11.707 Thread 0x00000000174df800 Uncommon trap: reason=unstable_if action=reinterpret pc=0x000000000346a8b0 method=java.util.BitSet.nextSetBit(I)I @ 87
Event: 11.729 Thread 0x00000000174f3800 Uncommon trap: reason=class_check action=maybe_recompile pc=0x0000000003558220 method=com.android.dx.rop.type.Type.equals(Ljava/lang/Object;)Z @ 8
Event: 11.729 Thread 0x00000000174f3800 Uncommon trap: reason=unstable_if action=reinterpret pc=0x00000000034544f8 method=java.util.HashMap.getNode(ILjava/lang/Object;)Ljava/util/HashMap$Node; @ 62
Event: 11.729 Thread 0x00000000174f3800 Uncommon trap: reason=unstable_if action=reinterpret pc=0x0000000003558204 method=com.android.dx.rop.code.RegisterSpec.equals(ILcom/android/dx/rop/type/TypeBearer;Lcom/android/dx/rop/code/LocalItem;)Z @ 16
Event: 12.375 Thread 0x00000000174ed800 Uncommon trap: reason=unstable_if action=reinterpret pc=0x00000000036218ec method=com.android.dx.rop.code.RegisterSpecSet.put(Lcom/android/dx/rop/code/RegisterSpec;)V @ 77
Event: 12.375 Thread 0x00000000174ed800 Uncommon trap: reason=unstable_if action=reinterpret pc=0x000000000363b8a8 method=com.android.dx.rop.code.RegisterSpecSet.put(Lcom/android/dx/rop/code/RegisterSpec;)V @ 77
Event: 12.786 Thread 0x0000000003070800 Uncommon trap: reason=null_check action=make_not_entrant pc=0x00000000036300a0 method=com.android.dx.ssa.SsaRenamer.getLocalForNewReg(I)Lcom/android/dx/rop/code/LocalItem; @ 19
Event: 14.277 Thread 0x00000000174f3800 Uncommon trap: reason=unstable_if action=reinterpret pc=0x000000000380f19c method=com.android.dx.rop.code.RegisterSpecSet.localItemToSpec(Lcom/android/dx/rop/code/LocalItem;)Lcom/android/dx/rop/code/RegisterSpec; @ 35

Internal exceptions (3 events):
Event: 0.408 Thread 0x0000000003070800 Exception <a 'java/lang/NoSuchMethodError': Method sun.misc.Unsafe.defineClass(Ljava/lang/String;[BII)Ljava/lang/Class; name or signature does not match> (0x00000000eab07cc0) thrown at [C:\re\workspace\8-2-build-windows-amd64-cygwin\jdk8u101\7261\hotspot\sÆ¸l¯Ú?
Event: 0.408 Thread 0x0000000003070800 Exception <a 'java/lang/NoSuchMethodError': Method sun.misc.Unsafe.prefetchRead(Ljava/lang/Object;J)V name or signature does not match> (0x00000000eab07fa8) thrown at [C:\re\workspace\8-2-build-windows-amd64-cygwin\jdk8u101\7261\hotspot\src\share\vm\prims\!ðsP’)@
Event: 12.786 Thread 0x0000000003070800 Implicit null exception at 0x000000000362dca6 to 0x000000000363007d

Events (10 events):
Event: 12.746 Executing VM operation: ForceSafepoint
Event: 12.747 Executing VM operation: ForceSafepoint done
Event: 12.786 Thread 0x0000000003070800 Uncommon trap: trap_request=0xfffffff4 fr.pc=0x00000000036300a0
Event: 12.786 Thread 0x0000000003070800 DEOPT PACKING pc=0x00000000036300a0 sp=0x0000000002fee0d0
Event: 12.786 Thread 0x0000000003070800 DEOPT UNPACKING pc=0x000000000326582a sp=0x0000000002fedf98 mode 2
Event: 13.005 Executing VM operation: ParallelGCFailedAllocation
Event: 13.671 Executing VM operation: ParallelGCFailedAllocation done
Event: 14.277 Thread 0x00000000174f3800 Uncommon trap: trap_request=0xffffff65 fr.pc=0x000000000380f19c
Event: 14.277 Thread 0x00000000174f3800 DEOPT PACKING pc=0x000000000380f19c sp=0x0000000017c2e9c0
Event: 14.277 Thread 0x00000000174f3800 DEOPT UNPACKING pc=0x000000000326582a sp=0x0000000017c2e928 mode 2


Dynamic libraries:
0x00007ff6458d0000 - 0x00007ff645907000 	C:\Program Files\Java\jdk1.8.0_101\bin\java.exe
0x00007ffee0ab0000 - 0x00007ffee0c81000 	C:\WINDOWS\SYSTEM32\ntdll.dll
0x00007ffede890000 - 0x00007ffede93b000 	C:\WINDOWS\System32\KERNEL32.DLL
0x00007ffedd480000 - 0x00007ffedd69d000 	C:\WINDOWS\System32\KERNELBASE.dll
0x00007ffee02a0000 - 0x00007ffee0342000 	C:\WINDOWS\System32\ADVAPI32.dll
0x00007ffee07d0000 - 0x00007ffee086e000 	C:\WINDOWS\System32\msvcrt.dll
0x00007ffee0870000 - 0x00007ffee08c9000 	C:\WINDOWS\System32\sechost.dll
0x00007ffede510000 - 0x00007ffede631000 	C:\WINDOWS\System32\RPCRT4.dll
0x00007ffee04a0000 - 0x00007ffee0605000 	C:\WINDOWS\System32\USER32.dll
0x00007ffeddfd0000 - 0x00007ffeddfee000 	C:\WINDOWS\System32\win32u.dll
0x00007ffee0a70000 - 0x00007ffee0aa4000 	C:\WINDOWS\System32\GDI32.dll
0x00007ffedd120000 - 0x00007ffedd2a2000 	C:\WINDOWS\System32\gdi32full.dll
0x00007ffed1300000 - 0x00007ffed1579000 	C:\WINDOWS\WinSxS\amd64_microsoft.windows.common-controls_6595b64144ccf1df_6.0.14393.447_none_42191651c6827bb3\COMCTL32.dll
0x00007ffede180000 - 0x00007ffede447000 	C:\WINDOWS\System32\combase.dll
0x00007ffedd740000 - 0x00007ffedd835000 	C:\WINDOWS\System32\ucrtbase.dll
0x00007ffedcfa0000 - 0x00007ffedd00a000 	C:\WINDOWS\System32\bcryptPrimitives.dll
0x00007ffede740000 - 0x00007ffede76e000 	C:\WINDOWS\System32\IMM32.DLL
0x0000000051220000 - 0x00000000512f2000 	C:\Program Files\Java\jdk1.8.0_101\jre\bin\msvcr100.dll
0x0000000050980000 - 0x000000005121a000 	C:\Program Files\Java\jdk1.8.0_101\jre\bin\server\jvm.dll
0x00007ffede940000 - 0x00007ffede948000 	C:\WINDOWS\System32\PSAPI.DLL
0x00007ffecf960000 - 0x00007ffecf969000 	C:\WINDOWS\SYSTEM32\WSOCK32.dll
0x00007ffee03c0000 - 0x00007ffee042a000 	C:\WINDOWS\System32\WS2_32.dll
0x00007ffedad90000 - 0x00007ffedadb3000 	C:\WINDOWS\SYSTEM32\WINMM.dll
0x00007ffed80b0000 - 0x00007ffed80ba000 	C:\WINDOWS\SYSTEM32\VERSION.dll
0x00007ffedad30000 - 0x00007ffedad5b000 	C:\WINDOWS\SYSTEM32\WINMMBASE.dll
0x00007ffeddff0000 - 0x00007ffede032000 	C:\WINDOWS\System32\cfgmgr32.dll
0x0000000052030000 - 0x000000005203f000 	C:\Program Files\Java\jdk1.8.0_101\jre\bin\verify.dll
0x0000000051350000 - 0x0000000051379000 	C:\Program Files\Java\jdk1.8.0_101\jre\bin\java.dll
0x0000000052010000 - 0x0000000052026000 	C:\Program Files\Java\jdk1.8.0_101\jre\bin\zip.dll
0x00007ffede950000 - 0x00007ffedfe59000 	C:\WINDOWS\System32\SHELL32.dll
0x00007ffedd840000 - 0x00007ffeddf1a000 	C:\WINDOWS\System32\windows.storage.dll
0x00007ffedcf20000 - 0x00007ffedcf6c000 	C:\WINDOWS\System32\powrprof.dll
0x00007ffee0360000 - 0x00007ffee03b2000 	C:\WINDOWS\System32\shlwapi.dll
0x00007ffedcf70000 - 0x00007ffedcf7f000 	C:\WINDOWS\System32\kernel.appcore.dll
0x00007ffeddf20000 - 0x00007ffeddfc9000 	C:\WINDOWS\System32\shcore.dll
0x00007ffedcf80000 - 0x00007ffedcf94000 	C:\WINDOWS\System32\profapi.dll

VM Arguments:
jvm_args: -Djava.awt.headless=true -Xmx1024M -Dfile.encoding=windows-1252 -Duser.country=US -Duser.language=en -Duser.variant 
java_command: com.android.dx.command.Main --dex --num-threads=4 --output C:\Users\adity\AndroidStudioProjects\LoginScreen2\app\build\intermediates\pre-dexed\debug\com.android.support-support-compat-25.0.1_39bb13e1a248d0f86f8b6cb018ee1651bae1a9f0.jar C:\Users\adity\AndroidStudioProjects\LoginScreen2\app\build\intermediates\exploded-aar\com.android.support\support-compat\25.0.1\jars\classes.jar
java_class_path (initial): C:\Users\adity\AppData\Local\Android\sdk\build-tools\25.0.0\lib\dx.jar
Launcher Type: SUN_STANDARD

Environment Variables:
JAVA_HOME=C:\Program Files\Java\jdk1.8.0_101
PATH=C:\Program Files (x86)\NVIDIA Corporation\PhysX\Common;C:\ProgramData\Oracle\Java\javapath;C:\WINDOWS\system32;C:\WINDOWS;C:\WINDOWS\System32\Wbem;C:\WINDOWS\System32\WindowsPowerShell\v1.0\;C:\Program Files\Java\jdk1.8.0_101\bin;C:\sqlite;C:\Program Files\MySQL\MySQL Server 5.7\bin;C:\cygwin64;C:\Users\adity\AppData\Local\Microsoft\WindowsApps;
USERNAME=adity
OS=Windows_NT
PROCESSOR_IDENTIFIER=Intel64 Family 6 Model 37 Stepping 2, GenuineIntel



---------------  S Y S T E M  ---------------

OS: Windows 10.0 , 64 bit Build 14393 (10.0.14393.0)

CPU:total 4 (2 cores per cpu, 2 threads per core) family 6 model 37 stepping 2, cmov, cx8, fxsr, mmx, sse, sse2, sse3, ssse3, sse4.1, sse4.2, popcnt, ht, tsc, tscinvbit

Memory: 4k page, physical 3136372k(267036k free), swap 4897096k(5328k free)

vm_info: Java HotSpot(TM) 64-Bit Server VM (25.101-b13) for windows-amd64 JRE (1.8.0_101-b13), built on Jun 22 2016 01:21:29 by "java_re" with MS VC++ 10.0 (VS2010)

time: Fri Feb 17 17:35:03 2017
elapsed time: 14 seconds (0d 0h 0m 14s)

